This is pdfTeX, Version 3.14159265-2.6-1.40.19 (MiKTeX 2.9.6800) (preloaded format=pdflatex 2018.8.30)  20 JAN 2020 09:22
entering extended mode
**./Report_2020_01_13.tex
(Report_2020_01_13.tex
LaTeX2e <2018-04-01> patch level 5
("C:\Program Files (x86)\MiKTeX 2.9\tex\latex\base\article.cls"
Document Class: article 2014/09/29 v1.4h Standard LaTeX document class
("C:\Program Files (x86)\MiKTeX 2.9\tex\latex\base\size10.clo"
File: size10.clo 2014/09/29 v1.4h Standard LaTeX file (size option)
)
\c@part=\count80
\c@section=\count81
\c@subsection=\count82
\c@subsubsection=\count83
\c@paragraph=\count84
\c@subparagraph=\count85
\c@figure=\count86
\c@table=\count87
\abovecaptionskip=\skip41
\belowcaptionskip=\skip42
\bibindent=\dimen102
)
("C:\Program Files (x86)\MiKTeX 2.9\tex\latex\graphics\graphicx.sty"
Package: graphicx 2017/06/01 v1.1a Enhanced LaTeX Graphics (DPC,SPQR)

("C:\Program Files (x86)\MiKTeX 2.9\tex\latex\graphics\keyval.sty"
Package: keyval 2014/10/28 v1.15 key=value parser (DPC)
\KV@toks@=\toks14
)
("C:\Program Files (x86)\MiKTeX 2.9\tex\latex\graphics\graphics.sty"
Package: graphics 2017/06/25 v1.2c Standard LaTeX Graphics (DPC,SPQR)

("C:\Program Files (x86)\MiKTeX 2.9\tex\latex\graphics\trig.sty"
Package: trig 2016/01/03 v1.10 sin cos tan (DPC)
)
("C:\Program Files (x86)\MiKTeX 2.9\tex\latex\graphics-cfg\graphics.cfg"
File: graphics.cfg 2016/06/04 v1.11 sample graphics configuration
)
Package graphics Info: Driver file: pdftex.def on input line 99.

("C:\Program Files (x86)\MiKTeX 2.9\tex\latex\graphics-def\pdftex.def"
File: pdftex.def 2018/01/08 v1.0l Graphics/color driver for pdftex
))
\Gin@req@height=\dimen103
\Gin@req@width=\dimen104
)
("C:\Program Files (x86)\MiKTeX 2.9\tex\latex\amsmath\amsmath.sty"
Package: amsmath 2017/09/02 v2.17a AMS math features
\@mathmargin=\skip43

For additional information on amsmath, use the `?' option.
("C:\Program Files (x86)\MiKTeX 2.9\tex\latex\amsmath\amstext.sty"
Package: amstext 2000/06/29 v2.01 AMS text

("C:\Program Files (x86)\MiKTeX 2.9\tex\latex\amsmath\amsgen.sty"
File: amsgen.sty 1999/11/30 v2.0 generic functions
\@emptytoks=\toks15
\ex@=\dimen105
))
("C:\Program Files (x86)\MiKTeX 2.9\tex\latex\amsmath\amsbsy.sty"
Package: amsbsy 1999/11/29 v1.2d Bold Symbols
\pmbraise@=\dimen106
)
("C:\Program Files (x86)\MiKTeX 2.9\tex\latex\amsmath\amsopn.sty"
Package: amsopn 2016/03/08 v2.02 operator names
)
\inf@bad=\count88
LaTeX Info: Redefining \frac on input line 213.
\uproot@=\count89
\leftroot@=\count90
LaTeX Info: Redefining \overline on input line 375.
\classnum@=\count91
\DOTSCASE@=\count92
LaTeX Info: Redefining \ldots on input line 472.
LaTeX Info: Redefining \dots on input line 475.
LaTeX Info: Redefining \cdots on input line 596.
\Mathstrutbox@=\box26
\strutbox@=\box27
\big@size=\dimen107
LaTeX Font Info:    Redeclaring font encoding OML on input line 712.
LaTeX Font Info:    Redeclaring font encoding OMS on input line 713.
\macc@depth=\count93
\c@MaxMatrixCols=\count94
\dotsspace@=\muskip10
\c@parentequation=\count95
\dspbrk@lvl=\count96
\tag@help=\toks16
\row@=\count97
\column@=\count98
\maxfields@=\count99
\andhelp@=\toks17
\eqnshift@=\dimen108
\alignsep@=\dimen109
\tagshift@=\dimen110
\tagwidth@=\dimen111
\totwidth@=\dimen112
\lineht@=\dimen113
\@envbody=\toks18
\multlinegap=\skip44
\multlinetaggap=\skip45
\mathdisplay@stack=\toks19
LaTeX Info: Redefining \[ on input line 2817.
LaTeX Info: Redefining \] on input line 2818.
)
("C:\Program Files (x86)\MiKTeX 2.9\tex\latex\amsfonts\amssymb.sty"
Package: amssymb 2013/01/14 v3.01 AMS font symbols

("C:\Program Files (x86)\MiKTeX 2.9\tex\latex\amsfonts\amsfonts.sty"
Package: amsfonts 2013/01/14 v3.01 Basic AMSFonts support
\symAMSa=\mathgroup4
\symAMSb=\mathgroup5
LaTeX Font Info:    Overwriting math alphabet `\mathfrak' in version `bold'
(Font)                  U/euf/m/n --> U/euf/b/n on input line 106.
))
("C:\Program Files (x86)\MiKTeX 2.9\tex\latex\caption\subcaption.sty"
Package: subcaption 2018/05/01 v1.1-162 Sub-captions (AR)

("C:\Program Files (x86)\MiKTeX 2.9\tex\latex\caption\caption.sty"
Package: caption 2018/10/06 v3.3-154 Customizing captions (AR)

("C:\Program Files (x86)\MiKTeX 2.9\tex\latex\caption\caption3.sty"
Package: caption3 2018/09/12 v1.8c caption3 kernel (AR)
Package caption3 Info: TeX engine: e-TeX on input line 64.
\captionmargin=\dimen114
\captionmargin@=\dimen115
\captionwidth=\dimen116
\caption@tempdima=\dimen117
\caption@indent=\dimen118
\caption@parindent=\dimen119
\caption@hangindent=\dimen120
)
\c@caption@flags=\count100
\c@ContinuedFloat=\count101
)
\c@subfigure=\count102
\c@subtable=\count103
)
("C:\Program Files (x86)\MiKTeX 2.9\tex\latex\textgreek\textgreek.sty"
Package: textgreek 2011/10/09 v0.7 Greek symbols in text
Package textgreek Info: Loading the definitions for the Greek fontencoding. on 
input line 39.

("C:\Program Files (x86)\MiKTeX 2.9\tex\latex\greek-fontenc\lgrenc.def"
File: lgrenc.def 2015/12/07 v0.13.1 LGR Greek font encoding definitions
Now handling font encoding LGR ...
... processing UTF-8 mapping file for font encoding LGR

("C:\Program Files (x86)\MiKTeX 2.9\tex\latex\greek-inputenc\lgrenc.dfu"
File: lgrenc.dfu 2015/08/05 1.6 UTF-8 support for Greek
   defining Unicode char U+00A8 (decimal 168)
   defining Unicode char U+00AB (decimal 171)
   defining Unicode char U+00AF (decimal 175)
   defining Unicode char U+00B4 (decimal 180)
   defining Unicode char U+00B7 (decimal 183)
   defining Unicode char U+00BB (decimal 187)
   defining Unicode char U+0259 (decimal 601)
   defining Unicode char U+02D8 (decimal 728)
   defining Unicode char U+2013 (decimal 8211)
   defining Unicode char U+2014 (decimal 8212)
   defining Unicode char U+2018 (decimal 8216)
   defining Unicode char U+2019 (decimal 8217)
   defining Unicode char U+201A (decimal 8218)
   defining Unicode char U+2030 (decimal 8240)
   defining Unicode char U+2039 (decimal 8249)
   defining Unicode char U+203A (decimal 8250)
   defining Unicode char U+20AC (decimal 8364)
   defining Unicode char U+0374 (decimal 884)
   defining Unicode char U+0375 (decimal 885)
   defining Unicode char U+037A (decimal 890)
   defining Unicode char U+037E (decimal 894)
   defining Unicode char U+0384 (decimal 900)
   defining Unicode char U+0385 (decimal 901)
   defining Unicode char U+0386 (decimal 902)
   defining Unicode char U+0387 (decimal 903)
   defining Unicode char U+0388 (decimal 904)
   defining Unicode char U+0389 (decimal 905)
   defining Unicode char U+038A (decimal 906)
   defining Unicode char U+038C (decimal 908)
   defining Unicode char U+038E (decimal 910)
   defining Unicode char U+038F (decimal 911)
   defining Unicode char U+0390 (decimal 912)
   defining Unicode char U+0391 (decimal 913)
   defining Unicode char U+0392 (decimal 914)
   defining Unicode char U+0393 (decimal 915)
   defining Unicode char U+0394 (decimal 916)
   defining Unicode char U+0395 (decimal 917)
   defining Unicode char U+0396 (decimal 918)
   defining Unicode char U+0397 (decimal 919)
   defining Unicode char U+0398 (decimal 920)
   defining Unicode char U+0399 (decimal 921)
   defining Unicode char U+039A (decimal 922)
   defining Unicode char U+039B (decimal 923)
   defining Unicode char U+039C (decimal 924)
   defining Unicode char U+039D (decimal 925)
   defining Unicode char U+039E (decimal 926)
   defining Unicode char U+039F (decimal 927)
   defining Unicode char U+03A0 (decimal 928)
   defining Unicode char U+03A1 (decimal 929)
   defining Unicode char U+03A3 (decimal 931)
   defining Unicode char U+03A4 (decimal 932)
   defining Unicode char U+03A5 (decimal 933)
   defining Unicode char U+03A6 (decimal 934)
   defining Unicode char U+03A7 (decimal 935)
   defining Unicode char U+03A8 (decimal 936)
   defining Unicode char U+03A9 (decimal 937)
   defining Unicode char U+03AA (decimal 938)
   defining Unicode char U+03AB (decimal 939)
   defining Unicode char U+03AC (decimal 940)
   defining Unicode char U+03AD (decimal 941)
   defining Unicode char U+03AE (decimal 942)
   defining Unicode char U+03AF (decimal 943)
   defining Unicode char U+03B0 (decimal 944)
   defining Unicode char U+03B1 (decimal 945)
   defining Unicode char U+03B2 (decimal 946)
   defining Unicode char U+03B3 (decimal 947)
   defining Unicode char U+03B4 (decimal 948)
   defining Unicode char U+03B5 (decimal 949)
   defining Unicode char U+03B6 (decimal 950)
   defining Unicode char U+03B7 (decimal 951)
   defining Unicode char U+03B8 (decimal 952)
   defining Unicode char U+03B9 (decimal 953)
   defining Unicode char U+03BA (decimal 954)
   defining Unicode char U+03BB (decimal 955)
   defining Unicode char U+03BC (decimal 956)
   defining Unicode char U+03BD (decimal 957)
   defining Unicode char U+03BE (decimal 958)
   defining Unicode char U+03BF (decimal 959)
   defining Unicode char U+03C0 (decimal 960)
   defining Unicode char U+03C1 (decimal 961)
   defining Unicode char U+03C2 (decimal 962)
   defining Unicode char U+03C3 (decimal 963)
   defining Unicode char U+03C4 (decimal 964)
   defining Unicode char U+03C5 (decimal 965)
   defining Unicode char U+03C6 (decimal 966)
   defining Unicode char U+03C7 (decimal 967)
   defining Unicode char U+03C8 (decimal 968)
   defining Unicode char U+03C9 (decimal 969)
   defining Unicode char U+03CA (decimal 970)
   defining Unicode char U+03CB (decimal 971)
   defining Unicode char U+03CC (decimal 972)
   defining Unicode char U+03CD (decimal 973)
   defining Unicode char U+03CE (decimal 974)
   defining Unicode char U+03D0 (decimal 976)
   defining Unicode char U+03D1 (decimal 977)
   defining Unicode char U+03D5 (decimal 981)
   defining Unicode char U+03D6 (decimal 982)
   defining Unicode char U+03D8 (decimal 984)
   defining Unicode char U+03D9 (decimal 985)
   defining Unicode char U+03DA (decimal 986)
   defining Unicode char U+03DB (decimal 987)
   defining Unicode char U+03DC (decimal 988)
   defining Unicode char U+03DD (decimal 989)
   defining Unicode char U+03DF (decimal 991)
   defining Unicode char U+03E0 (decimal 992)
   defining Unicode char U+03E1 (decimal 993)
   defining Unicode char U+03F0 (decimal 1008)
   defining Unicode char U+03F1 (decimal 1009)
   defining Unicode char U+03F4 (decimal 1012)
   defining Unicode char U+03F5 (decimal 1013)
   defining Unicode char U+1F00 (decimal 7936)
   defining Unicode char U+1F01 (decimal 7937)
   defining Unicode char U+1F02 (decimal 7938)
   defining Unicode char U+1F03 (decimal 7939)
   defining Unicode char U+1F04 (decimal 7940)
   defining Unicode char U+1F05 (decimal 7941)
   defining Unicode char U+1F06 (decimal 7942)
   defining Unicode char U+1F07 (decimal 7943)
   defining Unicode char U+1F08 (decimal 7944)
   defining Unicode char U+1F09 (decimal 7945)
   defining Unicode char U+1F0A (decimal 7946)
   defining Unicode char U+1F0B (decimal 7947)
   defining Unicode char U+1F0C (decimal 7948)
   defining Unicode char U+1F0D (decimal 7949)
   defining Unicode char U+1F0E (decimal 7950)
   defining Unicode char U+1F0F (decimal 7951)
   defining Unicode char U+1F10 (decimal 7952)
   defining Unicode char U+1F11 (decimal 7953)
   defining Unicode char U+1F12 (decimal 7954)
   defining Unicode char U+1F13 (decimal 7955)
   defining Unicode char U+1F14 (decimal 7956)
   defining Unicode char U+1F15 (decimal 7957)
   defining Unicode char U+1F18 (decimal 7960)
   defining Unicode char U+1F19 (decimal 7961)
   defining Unicode char U+1F1A (decimal 7962)
   defining Unicode char U+1F1B (decimal 7963)
   defining Unicode char U+1F1C (decimal 7964)
   defining Unicode char U+1F1D (decimal 7965)
   defining Unicode char U+1F20 (decimal 7968)
   defining Unicode char U+1F21 (decimal 7969)
   defining Unicode char U+1F22 (decimal 7970)
   defining Unicode char U+1F23 (decimal 7971)
   defining Unicode char U+1F24 (decimal 7972)
   defining Unicode char U+1F25 (decimal 7973)
   defining Unicode char U+1F26 (decimal 7974)
   defining Unicode char U+1F27 (decimal 7975)
   defining Unicode char U+1F28 (decimal 7976)
   defining Unicode char U+1F29 (decimal 7977)
   defining Unicode char U+1F2A (decimal 7978)
   defining Unicode char U+1F2B (decimal 7979)
   defining Unicode char U+1F2C (decimal 7980)
   defining Unicode char U+1F2D (decimal 7981)
   defining Unicode char U+1F2E (decimal 7982)
   defining Unicode char U+1F2F (decimal 7983)
   defining Unicode char U+1F30 (decimal 7984)
   defining Unicode char U+1F31 (decimal 7985)
   defining Unicode char U+1F32 (decimal 7986)
   defining Unicode char U+1F33 (decimal 7987)
   defining Unicode char U+1F34 (decimal 7988)
   defining Unicode char U+1F35 (decimal 7989)
   defining Unicode char U+1F36 (decimal 7990)
   defining Unicode char U+1F37 (decimal 7991)
   defining Unicode char U+1F38 (decimal 7992)
   defining Unicode char U+1F39 (decimal 7993)
   defining Unicode char U+1F3A (decimal 7994)
   defining Unicode char U+1F3B (decimal 7995)
   defining Unicode char U+1F3C (decimal 7996)
   defining Unicode char U+1F3D (decimal 7997)
   defining Unicode char U+1F3E (decimal 7998)
   defining Unicode char U+1F3F (decimal 7999)
   defining Unicode char U+1F40 (decimal 8000)
   defining Unicode char U+1F41 (decimal 8001)
   defining Unicode char U+1F42 (decimal 8002)
   defining Unicode char U+1F43 (decimal 8003)
   defining Unicode char U+1F44 (decimal 8004)
   defining Unicode char U+1F45 (decimal 8005)
   defining Unicode char U+1F48 (decimal 8008)
   defining Unicode char U+1F49 (decimal 8009)
   defining Unicode char U+1F4A (decimal 8010)
   defining Unicode char U+1F4B (decimal 8011)
   defining Unicode char U+1F4C (decimal 8012)
   defining Unicode char U+1F4D (decimal 8013)
   defining Unicode char U+1F50 (decimal 8016)
   defining Unicode char U+1F51 (decimal 8017)
   defining Unicode char U+1F52 (decimal 8018)
   defining Unicode char U+1F53 (decimal 8019)
   defining Unicode char U+1F54 (decimal 8020)
   defining Unicode char U+1F55 (decimal 8021)
   defining Unicode char U+1F56 (decimal 8022)
   defining Unicode char U+1F57 (decimal 8023)
   defining Unicode char U+1F59 (decimal 8025)
   defining Unicode char U+1F5B (decimal 8027)
   defining Unicode char U+1F5D (decimal 8029)
   defining Unicode char U+1F5F (decimal 8031)
   defining Unicode char U+1F60 (decimal 8032)
   defining Unicode char U+1F61 (decimal 8033)
   defining Unicode char U+1F62 (decimal 8034)
   defining Unicode char U+1F63 (decimal 8035)
   defining Unicode char U+1F64 (decimal 8036)
   defining Unicode char U+1F65 (decimal 8037)
   defining Unicode char U+1F66 (decimal 8038)
   defining Unicode char U+1F67 (decimal 8039)
   defining Unicode char U+1F68 (decimal 8040)
   defining Unicode char U+1F69 (decimal 8041)
   defining Unicode char U+1F6A (decimal 8042)
   defining Unicode char U+1F6B (decimal 8043)
   defining Unicode char U+1F6C (decimal 8044)
   defining Unicode char U+1F6D (decimal 8045)
   defining Unicode char U+1F6E (decimal 8046)
   defining Unicode char U+1F6F (decimal 8047)
   defining Unicode char U+1F70 (decimal 8048)
   defining Unicode char U+1F71 (decimal 8049)
   defining Unicode char U+1F72 (decimal 8050)
   defining Unicode char U+1F73 (decimal 8051)
   defining Unicode char U+1F74 (decimal 8052)
   defining Unicode char U+1F75 (decimal 8053)
   defining Unicode char U+1F76 (decimal 8054)
   defining Unicode char U+1F77 (decimal 8055)
   defining Unicode char U+1F78 (decimal 8056)
   defining Unicode char U+1F79 (decimal 8057)
   defining Unicode char U+1F7A (decimal 8058)
   defining Unicode char U+1F7B (decimal 8059)
   defining Unicode char U+1F7C (decimal 8060)
   defining Unicode char U+1F7D (decimal 8061)
   defining Unicode char U+1F80 (decimal 8064)
   defining Unicode char U+1F81 (decimal 8065)
   defining Unicode char U+1F82 (decimal 8066)
   defining Unicode char U+1F83 (decimal 8067)
   defining Unicode char U+1F84 (decimal 8068)
   defining Unicode char U+1F85 (decimal 8069)
   defining Unicode char U+1F86 (decimal 8070)
   defining Unicode char U+1F87 (decimal 8071)
   defining Unicode char U+1F88 (decimal 8072)
   defining Unicode char U+1F89 (decimal 8073)
   defining Unicode char U+1F8A (decimal 8074)
   defining Unicode char U+1F8B (decimal 8075)
   defining Unicode char U+1F8C (decimal 8076)
   defining Unicode char U+1F8D (decimal 8077)
   defining Unicode char U+1F8E (decimal 8078)
   defining Unicode char U+1F8F (decimal 8079)
   defining Unicode char U+1F90 (decimal 8080)
   defining Unicode char U+1F91 (decimal 8081)
   defining Unicode char U+1F92 (decimal 8082)
   defining Unicode char U+1F93 (decimal 8083)
   defining Unicode char U+1F94 (decimal 8084)
   defining Unicode char U+1F95 (decimal 8085)
   defining Unicode char U+1F96 (decimal 8086)
   defining Unicode char U+1F97 (decimal 8087)
   defining Unicode char U+1F98 (decimal 8088)
   defining Unicode char U+1F99 (decimal 8089)
   defining Unicode char U+1F9A (decimal 8090)
   defining Unicode char U+1F9B (decimal 8091)
   defining Unicode char U+1F9C (decimal 8092)
   defining Unicode char U+1F9D (decimal 8093)
   defining Unicode char U+1F9E (decimal 8094)
   defining Unicode char U+1F9F (decimal 8095)
   defining Unicode char U+1FA0 (decimal 8096)
   defining Unicode char U+1FA1 (decimal 8097)
   defining Unicode char U+1FA2 (decimal 8098)
   defining Unicode char U+1FA3 (decimal 8099)
   defining Unicode char U+1FA4 (decimal 8100)
   defining Unicode char U+1FA5 (decimal 8101)
   defining Unicode char U+1FA6 (decimal 8102)
   defining Unicode char U+1FA7 (decimal 8103)
   defining Unicode char U+1FA8 (decimal 8104)
   defining Unicode char U+1FA9 (decimal 8105)
   defining Unicode char U+1FAA (decimal 8106)
   defining Unicode char U+1FAB (decimal 8107)
   defining Unicode char U+1FAC (decimal 8108)
   defining Unicode char U+1FAD (decimal 8109)
   defining Unicode char U+1FAE (decimal 8110)
   defining Unicode char U+1FAF (decimal 8111)
   defining Unicode char U+1FB0 (decimal 8112)
   defining Unicode char U+1FB1 (decimal 8113)
   defining Unicode char U+1FB2 (decimal 8114)
   defining Unicode char U+1FB3 (decimal 8115)
   defining Unicode char U+1FB4 (decimal 8116)
   defining Unicode char U+1FB6 (decimal 8118)
   defining Unicode char U+1FB7 (decimal 8119)
   defining Unicode char U+1FB8 (decimal 8120)
   defining Unicode char U+1FB9 (decimal 8121)
   defining Unicode char U+1FBA (decimal 8122)
   defining Unicode char U+1FBB (decimal 8123)
   defining Unicode char U+1FBC (decimal 8124)
   defining Unicode char U+1FBD (decimal 8125)
   defining Unicode char U+1FBE (decimal 8126)
   defining Unicode char U+1FBF (decimal 8127)
   defining Unicode char U+1FC0 (decimal 8128)
   defining Unicode char U+1FC1 (decimal 8129)
   defining Unicode char U+1FC2 (decimal 8130)
   defining Unicode char U+1FC3 (decimal 8131)
   defining Unicode char U+1FC4 (decimal 8132)
   defining Unicode char U+1FC6 (decimal 8134)
   defining Unicode char U+1FC7 (decimal 8135)
   defining Unicode char U+1FC8 (decimal 8136)
   defining Unicode char U+1FC9 (decimal 8137)
   defining Unicode char U+1FCA (decimal 8138)
   defining Unicode char U+1FCB (decimal 8139)
   defining Unicode char U+1FCC (decimal 8140)
   defining Unicode char U+1FCD (decimal 8141)
   defining Unicode char U+1FCE (decimal 8142)
   defining Unicode char U+1FCF (decimal 8143)
   defining Unicode char U+1FD0 (decimal 8144)
   defining Unicode char U+1FD1 (decimal 8145)
   defining Unicode char U+1FD2 (decimal 8146)
   defining Unicode char U+1FD3 (decimal 8147)
   defining Unicode char U+1FD6 (decimal 8150)
   defining Unicode char U+1FD7 (decimal 8151)
   defining Unicode char U+1FD8 (decimal 8152)
   defining Unicode char U+1FD9 (decimal 8153)
   defining Unicode char U+1FDA (decimal 8154)
   defining Unicode char U+1FDB (decimal 8155)
   defining Unicode char U+1FDD (decimal 8157)
   defining Unicode char U+1FDE (decimal 8158)
   defining Unicode char U+1FDF (decimal 8159)
   defining Unicode char U+1FE0 (decimal 8160)
   defining Unicode char U+1FE1 (decimal 8161)
   defining Unicode char U+1FE2 (decimal 8162)
   defining Unicode char U+1FE3 (decimal 8163)
   defining Unicode char U+1FE4 (decimal 8164)
   defining Unicode char U+1FE5 (decimal 8165)
   defining Unicode char U+1FE6 (decimal 8166)
   defining Unicode char U+1FE7 (decimal 8167)
   defining Unicode char U+1FE8 (decimal 8168)
   defining Unicode char U+1FE9 (decimal 8169)
   defining Unicode char U+1FEA (decimal 8170)
   defining Unicode char U+1FEB (decimal 8171)
   defining Unicode char U+1FEC (decimal 8172)
   defining Unicode char U+1FED (decimal 8173)
   defining Unicode char U+1FEE (decimal 8174)
   defining Unicode char U+1FEF (decimal 8175)
   defining Unicode char U+1FF2 (decimal 8178)
   defining Unicode char U+1FF3 (decimal 8179)
   defining Unicode char U+1FF4 (decimal 8180)
   defining Unicode char U+1FF6 (decimal 8182)
   defining Unicode char U+1FF7 (decimal 8183)
   defining Unicode char U+1FF8 (decimal 8184)
   defining Unicode char U+1FF9 (decimal 8185)
   defining Unicode char U+1FFA (decimal 8186)
   defining Unicode char U+1FFB (decimal 8187)
   defining Unicode char U+1FFC (decimal 8188)
   defining Unicode char U+1FFD (decimal 8189)
   defining Unicode char U+1FFE (decimal 8190)
   defining Unicode char U+2013 (decimal 8211)
   defining Unicode char U+2014 (decimal 8212)
   defining Unicode char U+2018 (decimal 8216)
   defining Unicode char U+2019 (decimal 8217)
   defining Unicode char U+2030 (decimal 8240)
   defining Unicode char U+20AC (decimal 8364)
   defining Unicode char U+2126 (decimal 8486)
   defining Unicode char U+10144 (decimal 65860)
   defining Unicode char U+10145 (decimal 65861)
   defining Unicode char U+10146 (decimal 65862)
   defining Unicode char U+10147 (decimal 65863)
)
("C:\Program Files (x86)\MiKTeX 2.9\tex\latex\greek-fontenc\greek-fontenc.def"
File: greek-fontenc.def 2015/08/04 v0.13 Common Greek font encoding definitions

))
Package textgreek Info: Loaded fontmap: {eur/*/*}{U/eur/*/*} {phv/*/*}{U/psy/*/
*}. on input line 69.
) ("C:\Program Files (x86)\MiKTeX 2.9\tex\latex\natbib\natbib.sty"
Package: natbib 2010/09/13 8.31b (PWD, AO)
\bibhang=\skip46
\bibsep=\skip47
LaTeX Info: Redefining \cite on input line 694.
\c@NAT@ctr=\count104
)
(Report_2020_01_13.aux)
\openout1 = `Report_2020_01_13.aux'.

LaTeX Font Info:    Checking defaults for OML/cmm/m/it on input line 12.
LaTeX Font Info:    ... okay on input line 12.
LaTeX Font Info:    Checking defaults for T1/cmr/m/n on input line 12.
LaTeX Font Info:    ... okay on input line 12.
LaTeX Font Info:    Checking defaults for OT1/cmr/m/n on input line 12.
LaTeX Font Info:    ... okay on input line 12.
LaTeX Font Info:    Checking defaults for OMS/cmsy/m/n on input line 12.
LaTeX Font Info:    ... okay on input line 12.
LaTeX Font Info:    Checking defaults for OMX/cmex/m/n on input line 12.
LaTeX Font Info:    ... okay on input line 12.
LaTeX Font Info:    Checking defaults for U/cmr/m/n on input line 12.
LaTeX Font Info:    ... okay on input line 12.
LaTeX Font Info:    Checking defaults for LGR/cmr/m/n on input line 12.
LaTeX Font Info:    Try loading font information for LGR+cmr on input line 12.

("C:\Program Files (x86)\MiKTeX 2.9\tex\latex\cbfonts-fd\lgrcmr.fd"
File: lgrcmr.fd 2017/07/29 v1.2 Greek European Computer Regular
)
LaTeX Font Info:    ... okay on input line 12.

("C:\Program Files (x86)\MiKTeX 2.9\tex\context\base\supp-pdf.mkii"
[Loading MPS to PDF converter (version 2006.09.02).]
\scratchcounter=\count105
\scratchdimen=\dimen121
\scratchbox=\box28
\nofMPsegments=\count106
\nofMParguments=\count107
\everyMPshowfont=\toks20
\MPscratchCnt=\count108
\MPscratchDim=\dimen122
\MPnumerator=\count109
\makeMPintoPDFobject=\count110
\everyMPtoPDFconversion=\toks21
) ("C:\Program Files (x86)\MiKTeX 2.9\tex\latex\oberdiek\epstopdf-base.sty"
Package: epstopdf-base 2016/05/15 v2.6 Base part for package epstopdf

("C:\Program Files (x86)\MiKTeX 2.9\tex\generic\oberdiek\infwarerr.sty"
Package: infwarerr 2016/05/16 v1.4 Providing info/warning/error messages (HO)
)
("C:\Program Files (x86)\MiKTeX 2.9\tex\latex\oberdiek\grfext.sty"
Package: grfext 2016/05/16 v1.2 Manage graphics extensions (HO)

("C:\Program Files (x86)\MiKTeX 2.9\tex\generic\oberdiek\kvdefinekeys.sty"
Package: kvdefinekeys 2016/05/16 v1.4 Define keys (HO)

("C:\Program Files (x86)\MiKTeX 2.9\tex\generic\oberdiek\ltxcmds.sty"
Package: ltxcmds 2016/05/16 v1.23 LaTeX kernel commands for general use (HO)
)))
("C:\Program Files (x86)\MiKTeX 2.9\tex\latex\oberdiek\kvoptions.sty"
Package: kvoptions 2016/05/16 v3.12 Key value format for package options (HO)

("C:\Program Files (x86)\MiKTeX 2.9\tex\generic\oberdiek\kvsetkeys.sty"
Package: kvsetkeys 2016/05/16 v1.17 Key value parser (HO)

("C:\Program Files (x86)\MiKTeX 2.9\tex\generic\oberdiek\etexcmds.sty"
Package: etexcmds 2016/05/16 v1.6 Avoid name clashes with e-TeX commands (HO)

("C:\Program Files (x86)\MiKTeX 2.9\tex\generic\oberdiek\ifluatex.sty"
Package: ifluatex 2016/05/16 v1.4 Provides the ifluatex switch (HO)
Package ifluatex Info: LuaTeX not detected.
)
Package etexcmds Info: Could not find \expanded.
(etexcmds)             That can mean that you are not using pdfTeX 1.50 or
(etexcmds)             that some package has redefined \expanded.
(etexcmds)             In the latter case, load this package earlier.
)))
("C:\Program Files (x86)\MiKTeX 2.9\tex\generic\oberdiek\pdftexcmds.sty"
Package: pdftexcmds 2018/01/30 v0.27 Utility functions of pdfTeX for LuaTeX (HO
)

("C:\Program Files (x86)\MiKTeX 2.9\tex\generic\oberdiek\ifpdf.sty"
Package: ifpdf 2017/03/15 v3.2 Provides the ifpdf switch
)
Package pdftexcmds Info: LuaTeX not detected.
Package pdftexcmds Info: \pdf@primitive is available.
Package pdftexcmds Info: \pdf@ifprimitive is available.
Package pdftexcmds Info: \pdfdraftmode found.
)
Package epstopdf-base Info: Redefining graphics rule for `.eps' on input line 4
38.
Package grfext Info: Graphics extension search list:
(grfext)             [.pdf,.png,.jpg,.mps,.jpeg,.jbig2,.jb2,.PDF,.PNG,.JPG,.JPE
G,.JBIG2,.JB2,.eps]
(grfext)             \AppendGraphicsExtensions on input line 456.
)
Package caption Info: Begin \AtBeginDocument code.
Package caption Info: End \AtBeginDocument code.
LaTeX Font Info:    Try loading font information for U+msa on input line 14.

("C:\Program Files (x86)\MiKTeX 2.9\tex\latex\amsfonts\umsa.fd"
File: umsa.fd 2013/01/14 v3.01 AMS symbols A
)
LaTeX Font Info:    Try loading font information for U+msb on input line 14.

("C:\Program Files (x86)\MiKTeX 2.9\tex\latex\amsfonts\umsb.fd"
File: umsb.fd 2013/01/14 v3.01 AMS symbols B
)
<./Images/Signal_Path.PNG, id=1, 523.9575pt x 39.14626pt>
File: ./Images/Signal_Path.PNG Graphic file (type png)
<use ./Images/Signal_Path.PNG>
Package pdftex.def Info: ./Images/Signal_Path.PNG  used on input line 31.
(pdftex.def)             Requested size: 310.4979pt x 23.19882pt.
 [1

{C:/Users/Jakob/AppData/Local/MiKTeX/2.9/pdftex/config/pdftex.map}]
<./Images/Norton_Equivalent_Circuit.PNG, id=13, 585.68813pt x 279.54437pt>
File: ./Images/Norton_Equivalent_Circuit.PNG Graphic file (type png)
<use ./Images/Norton_Equivalent_Circuit.PNG>
Package pdftex.def Info: ./Images/Norton_Equivalent_Circuit.PNG  used on input 
line 55.
(pdftex.def)             Requested size: 241.49895pt x 115.26654pt.
<./../Mixer_Unit_Test/2020_01_12_FixedMask/Unpumped_Pumped.pdf, id=14, 462.5279
8pt x 346.89601pt>
File: ./../Mixer_Unit_Test/2020_01_12_FixedMask/Unpumped_Pumped.pdf Graphic fil
e (type pdf)
<use ./../Mixer_Unit_Test/2020_01_12_FixedMask/Unpumped_Pumped.pdf>
Package pdftex.def Info: ./../Mixer_Unit_Test/2020_01_12_FixedMask/Unpumped_Pum
ped.pdf  used on input line 64.
(pdftex.def)             Requested size: 241.49895pt x 181.128pt.
 [2 <./Images/Signal_Path.PNG> <./Images/Norton_Equivalent_Circuit.PNG>]
<./Images/Impedance_Recovery_Flowchart_Part1.png, id=21, 492.3996pt x 216.81pt>

File: ./Images/Impedance_Recovery_Flowchart_Part1.png Graphic file (type png)
<use ./Images/Impedance_Recovery_Flowchart_Part1.png>
Package pdftex.def Info: ./Images/Impedance_Recovery_Flowchart_Part1.png  used 
on input line 71.
(pdftex.def)             Requested size: 241.49895pt x 106.33376pt.
 [3 <./../Mixer_Unit_Test/2020_01_12_FixedMask/Unpumped_Pumped.pdf> <./Images/I
mpedance_Recovery_Flowchart_Part1.png>] [4]
<./../IV_Class_Unit_Test/2020_01_14/Raw_Data_by_Time.pdf, id=71, 462.52798pt x 
346.89601pt>
File: ./../IV_Class_Unit_Test/2020_01_14/Raw_Data_by_Time.pdf Graphic file (typ
e pdf)
<use ./../IV_Class_Unit_Test/2020_01_14/Raw_Data_by_Time.pdf>
Package pdftex.def Info: ./../IV_Class_Unit_Test/2020_01_14/Raw_Data_by_Time.pd
f  used on input line 126.
(pdftex.def)             Requested size: 241.49895pt x 181.128pt.
 [5 <./../IV_Class_Unit_Test/2020_01_14/Raw_Data_by_Time.pdf>]
<./../IV_Class_Unit_Test/2020_01_14/Raw_Data_at_Origin.pdf, id=117, 462.52798pt
 x 346.89601pt>
File: ./../IV_Class_Unit_Test/2020_01_14/Raw_Data_at_Origin.pdf Graphic file (t
ype pdf)
<use ./../IV_Class_Unit_Test/2020_01_14/Raw_Data_at_Origin.pdf>
Package pdftex.def Info: ./../IV_Class_Unit_Test/2020_01_14/Raw_Data_at_Origin.
pdf  used on input line 137.
(pdftex.def)             Requested size: 169.0519pt x 126.78801pt.
<./../IV_Class_Unit_Test/2020_01_14/Sorted_vs_Unsorted_Slope.pdf, id=118, 462.5
2798pt x 346.89601pt>
File: ./../IV_Class_Unit_Test/2020_01_14/Sorted_vs_Unsorted_Slope.pdf Graphic f
ile (type pdf)
<use ./../IV_Class_Unit_Test/2020_01_14/Sorted_vs_Unsorted_Slope.pdf>
Package pdftex.def Info: ./../IV_Class_Unit_Test/2020_01_14/Sorted_vs_Unsorted_
Slope.pdf  used on input line 142.
(pdftex.def)             Requested size: 169.0519pt x 126.78801pt.
<./../IV_Class_Unit_Test/2020_01_14/Sorted_vs_Unsorted_vs_Filtered_Raw_Data.pdf
, id=119, 462.52798pt x 346.89601pt>
File: ./../IV_Class_Unit_Test/2020_01_14/Sorted_vs_Unsorted_vs_Filtered_Raw_Dat
a.pdf Graphic file (type pdf)
<use ./../IV_Class_Unit_Test/2020_01_14/Sorted_vs_Unsorted_vs_Filtered_Raw_Data
.pdf>
Package pdftex.def Info: ./../IV_Class_Unit_Test/2020_01_14/Sorted_vs_Unsorted_
vs_Filtered_Raw_Data.pdf  used on input line 153.
(pdftex.def)             Requested size: 241.49895pt x 181.128pt.

Underfull \hbox (badness 1635) in paragraph at lines 158--158
[][]\OT1/cmr/m/n/8 The pa-ram-e-ters for bin-ning the data are in-ter-fered by 
the key-word ar-gu-ments
 []

<./../IV_Class_Unit_Test/2020_01_14/Filtered_Binning_Impact_Raw_Data.pdf, id=12
0, 462.52798pt x 346.89601pt>
File: ./../IV_Class_Unit_Test/2020_01_14/Filtered_Binning_Impact_Raw_Data.pdf G
raphic file (type pdf)
<use ./../IV_Class_Unit_Test/2020_01_14/Filtered_Binning_Impact_Raw_Data.pdf>
Package pdftex.def Info: ./../IV_Class_Unit_Test/2020_01_14/Filtered_Binning_Im
pact_Raw_Data.pdf  used on input line 162.
(pdftex.def)             Requested size: 241.49895pt x 181.128pt.
[6 <./../IV_Class_Unit_Test/2020_01_14/Raw_Data_at_Origin.pdf> <./../IV_Class_U
nit_Test/2020_01_14/Sorted_vs_Unsorted_Slope.pdf

pdfTeX warning: pdflatex.exe (file ./../IV_Class_Unit_Test/2020_01_14/Sorted_vs
_Unsorted_Slope.pdf): PDF inclusion: multiple pdfs with page group included in 
a single page
>] [7 <./../IV_Class_Unit_Test/2020_01_14/Sorted_vs_Unsorted_vs_Filtered_Raw_Da
ta.pdf> <./../IV_Class_Unit_Test/2020_01_14/Filtered_Binning_Impact_Raw_Data.pd
f

pdfTeX warning: pdflatex.exe (file ./../IV_Class_Unit_Test/2020_01_14/Filtered_
Binning_Impact_Raw_Data.pdf): PDF inclusion: multiple pdfs with page group incl
uded in a single page
>]
<./../IV_Class_Unit_Test/2020_01_14/Normal_Resistance_Fit.pdf, id=283, 462.5279
8pt x 346.89601pt>
File: ./../IV_Class_Unit_Test/2020_01_14/Normal_Resistance_Fit.pdf Graphic file
 (type pdf)
<use ./../IV_Class_Unit_Test/2020_01_14/Normal_Resistance_Fit.pdf>
Package pdftex.def Info: ./../IV_Class_Unit_Test/2020_01_14/Normal_Resistance_F
it.pdf  used on input line 174.
(pdftex.def)             Requested size: 169.0519pt x 126.78801pt.
<./../IV_Class_Unit_Test/2020_01_14/Subgap_Resistance_Fit.pdf, id=284, 462.5279
8pt x 346.89601pt>
File: ./../IV_Class_Unit_Test/2020_01_14/Subgap_Resistance_Fit.pdf Graphic file
 (type pdf)
<use ./../IV_Class_Unit_Test/2020_01_14/Subgap_Resistance_Fit.pdf>
Package pdftex.def Info: ./../IV_Class_Unit_Test/2020_01_14/Subgap_Resistance_F
it.pdf  used on input line 179.
(pdftex.def)             Requested size: 169.0519pt x 126.78801pt.
<./../IV_Class_Unit_Test/2020_01_14/Filtered_Binning_Impact_Slope_Transission.p
df, id=285, 462.52798pt x 346.89601pt>
File: ./../IV_Class_Unit_Test/2020_01_14/Filtered_Binning_Impact_Slope_Transiss
ion.pdf Graphic file (type pdf)
<use ./../IV_Class_Unit_Test/2020_01_14/Filtered_Binning_Impact_Slope_Transissi
on.pdf>
Package pdftex.def Info: ./../IV_Class_Unit_Test/2020_01_14/Filtered_Binning_Im
pact_Slope_Transission.pdf  used on input line 191.
(pdftex.def)             Requested size: 241.49895pt x 181.128pt.
 [8 <./../IV_Class_Unit_Test/2020_01_14/Normal_Resistance_Fit.pdf> <./../IV_Cla
ss_Unit_Test/2020_01_14/Subgap_Resistance_Fit.pdf

pdfTeX warning: pdflatex.exe (file ./../IV_Class_Unit_Test/2020_01_14/Subgap_Re
sistance_Fit.pdf): PDF inclusion: multiple pdfs with page group included in a s
ingle page
>]
<./../IV_Class_Unit_Test/2020_01_14/Simulation_Chalmers_Transission.pdf, id=380
, 462.52798pt x 346.89601pt>
File: ./../IV_Class_Unit_Test/2020_01_14/Simulation_Chalmers_Transission.pdf Gr
aphic file (type pdf)
<use ./../IV_Class_Unit_Test/2020_01_14/Simulation_Chalmers_Transission.pdf>
Package pdftex.def Info: ./../IV_Class_Unit_Test/2020_01_14/Simulation_Chalmers
_Transission.pdf  used on input line 225.
(pdftex.def)             Requested size: 169.0519pt x 126.78801pt.
<./../IV_Class_Unit_Test/2020_01_14/Simulation_Chalmers_Subgap.pdf, id=381, 462
.52798pt x 346.89601pt>
File: ./../IV_Class_Unit_Test/2020_01_14/Simulation_Chalmers_Subgap.pdf Graphic
 file (type pdf)
<use ./../IV_Class_Unit_Test/2020_01_14/Simulation_Chalmers_Subgap.pdf>
Package pdftex.def Info: ./../IV_Class_Unit_Test/2020_01_14/Simulation_Chalmers
_Subgap.pdf  used on input line 229.
(pdftex.def)             Requested size: 169.0519pt x 126.78801pt.
 [9 <./../IV_Class_Unit_Test/2020_01_14/Filtered_Binning_Impact_Slope_Transissi
on.pdf>]
<./../IV_Curve_Simulations_Unit_Test/2020_01_06//Perfect.pdf, id=431, 462.52798
pt x 346.89601pt>
File: ./../IV_Curve_Simulations_Unit_Test/2020_01_06//Perfect.pdf Graphic file 
(type pdf)
<use ./../IV_Curve_Simulations_Unit_Test/2020_01_06//Perfect.pdf>
Package pdftex.def Info: ./../IV_Curve_Simulations_Unit_Test/2020_01_06//Perfec
t.pdf  used on input line 240.
(pdftex.def)             Requested size: 241.49895pt x 181.128pt.
<./../IV_Curve_Simulations_Unit_Test/2020_01_06//SubgapLeakageOffset.pdf, id=43
2, 462.52798pt x 346.89601pt>
File: ./../IV_Curve_Simulations_Unit_Test/2020_01_06//SubgapLeakageOffset.pdf G
raphic file (type pdf)
<use ./../IV_Curve_Simulations_Unit_Test/2020_01_06//SubgapLeakageOffset.pdf>
Package pdftex.def Info: ./../IV_Curve_Simulations_Unit_Test/2020_01_06//Subgap
LeakageOffset.pdf  used on input line 246.
(pdftex.def)             Requested size: 241.49895pt x 181.128pt.
<./../IV_Curve_Simulations_Unit_Test/2020_01_06//SubgapLeakage_SubgapLeakageOff
set.pdf, id=433, 462.52798pt x 346.89601pt>
File: ./../IV_Curve_Simulations_Unit_Test/2020_01_06//SubgapLeakage_SubgapLeaka
geOffset.pdf Graphic file (type pdf)
<use ./../IV_Curve_Simulations_Unit_Test/2020_01_06//SubgapLeakage_SubgapLeakag
eOffset.pdf>
Package pdftex.def Info: ./../IV_Curve_Simulations_Unit_Test/2020_01_06//Subgap
Leakage_SubgapLeakageOffset.pdf  used on input line 252.
(pdftex.def)             Requested size: 241.49895pt x 181.128pt.
<./../IV_Curve_Simulations_Unit_Test/2020_01_06//ExcessCriticalCurrent_SubgapLe
akage_and_SubgapLeakageOffset.pdf, id=434, 462.52798pt x 346.89601pt>
File: ./../IV_Curve_Simulations_Unit_Test/2020_01_06//ExcessCriticalCurrent_Sub
gapLeakage_and_SubgapLeakageOffset.pdf Graphic file (type pdf)
<use ./../IV_Curve_Simulations_Unit_Test/2020_01_06//ExcessCriticalCurrent_Subg
apLeakage_and_SubgapLeakageOffset.pdf>
Package pdftex.def Info: ./../IV_Curve_Simulations_Unit_Test/2020_01_06//Excess
CriticalCurrent_SubgapLeakage_and_SubgapLeakageOffset.pdf  used on input line 2
58.
(pdftex.def)             Requested size: 241.49895pt x 181.128pt.
<./../IV_Class_Unit_Test/2020_01_14/Simulation_Stepwise_Transission.pdf, id=435
, 462.52798pt x 346.89601pt>
File: ./../IV_Class_Unit_Test/2020_01_14/Simulation_Stepwise_Transission.pdf Gr
aphic file (type pdf)
<use ./../IV_Class_Unit_Test/2020_01_14/Simulation_Stepwise_Transission.pdf>
Package pdftex.def Info: ./../IV_Class_Unit_Test/2020_01_14/Simulation_Stepwise
_Transission.pdf  used on input line 269.
(pdftex.def)             Requested size: 169.0519pt x 126.78801pt.
<./../IV_Class_Unit_Test/2020_01_14/Simulation_Stepwise_Subgap.pdf, id=436, 462
.52798pt x 346.89601pt>
File: ./../IV_Class_Unit_Test/2020_01_14/Simulation_Stepwise_Subgap.pdf Graphic
 file (type pdf)
<use ./../IV_Class_Unit_Test/2020_01_14/Simulation_Stepwise_Subgap.pdf>
Package pdftex.def Info: ./../IV_Class_Unit_Test/2020_01_14/Simulation_Stepwise
_Subgap.pdf  used on input line 273.
(pdftex.def)             Requested size: 169.0519pt x 126.78801pt.
 [10 <./../IV_Class_Unit_Test/2020_01_14/Simulation_Chalmers_Transission.pdf> <
./../IV_Class_Unit_Test/2020_01_14/Simulation_Chalmers_Subgap.pdf

pdfTeX warning: pdflatex.exe (file ./../IV_Class_Unit_Test/2020_01_14/Simulatio
n_Chalmers_Subgap.pdf): PDF inclusion: multiple pdfs with page group included i
n a single page
>] [11 <./../IV_Curve_Simulations_Unit_Test/2020_01_06//Perfect.pdf> <./../IV_C
urve_Simulations_Unit_Test/2020_01_06//SubgapLeakageOffset.pdf

pdfTeX warning: pdflatex.exe (file ./../IV_Curve_Simulations_Unit_Test/2020_01_
06//SubgapLeakageOffset.pdf): PDF inclusion: multiple pdfs with page group incl
uded in a single page
>] [12 <./../IV_Curve_Simulations_Unit_Test/2020_01_06//SubgapLeakage_SubgapLea
kageOffset.pdf> <./../IV_Curve_Simulations_Unit_Test/2020_01_06//ExcessCritical
Current_SubgapLeakage_and_SubgapLeakageOffset.pdf

pdfTeX warning: pdflatex.exe (file ./../IV_Curve_Simulations_Unit_Test/2020_01_
06//ExcessCriticalCurrent_SubgapLeakage_and_SubgapLeakageOffset.pdf): PDF inclu
sion: multiple pdfs with page group included in a single page
>]
<./../Mixer_Unit_Test/2020_01_12_FixedMask/Pumping_Level.pdf, id=640, 462.52798
pt x 346.89601pt>
File: ./../Mixer_Unit_Test/2020_01_12_FixedMask/Pumping_Level.pdf Graphic file 
(type pdf)
<use ./../Mixer_Unit_Test/2020_01_12_FixedMask/Pumping_Level.pdf>
Package pdftex.def Info: ./../Mixer_Unit_Test/2020_01_12_FixedMask/Pumping_Leve
l.pdf  used on input line 288.
(pdftex.def)             Requested size: 241.49895pt x 181.128pt.
<./../Mixer_Unit_Test/2020_01_12_FixedMask/Current_through_Junction.pdf, id=641
, 462.52798pt x 346.89601pt>
File: ./../Mixer_Unit_Test/2020_01_12_FixedMask/Current_through_Junction.pdf Gr
aphic file (type pdf)
<use ./../Mixer_Unit_Test/2020_01_12_FixedMask/Current_through_Junction.pdf>
Package pdftex.def Info: ./../Mixer_Unit_Test/2020_01_12_FixedMask/Current_thro
ugh_Junction.pdf  used on input line 297.
(pdftex.def)             Requested size: 241.49895pt x 181.128pt.
<./../Mixer_Unit_Test/2020_01_12_FixedMask/Admittance_Junction.pdf, id=642, 462
.52798pt x 346.89601pt>
File: ./../Mixer_Unit_Test/2020_01_12_FixedMask/Admittance_Junction.pdf Graphic
 file (type pdf)
<use ./../Mixer_Unit_Test/2020_01_12_FixedMask/Admittance_Junction.pdf>
Package pdftex.def Info: ./../Mixer_Unit_Test/2020_01_12_FixedMask/Admittance_J
unction.pdf  used on input line 308.
(pdftex.def)             Requested size: 169.0519pt x 126.78801pt.
<./../Mixer_Unit_Test/2020_01_12_FixedMask/Impedance_Junction.pdf, id=643, 462.
52798pt x 346.89601pt>
File: ./../Mixer_Unit_Test/2020_01_12_FixedMask/Impedance_Junction.pdf Graphic 
file (type pdf)
<use ./../Mixer_Unit_Test/2020_01_12_FixedMask/Impedance_Junction.pdf>
Package pdftex.def Info: ./../Mixer_Unit_Test/2020_01_12_FixedMask/Impedance_Ju
nction.pdf  used on input line 312.
(pdftex.def)             Requested size: 169.0519pt x 126.78801pt.

Underfull \hbox (badness 1694) in paragraph at lines 320--320
[][]\OT1/cmr/m/n/8 The num-ber of pho-ton steps in-volved is de-ter-mined by th
e key-word ar-gu-ment
 []

[13 <./../IV_Class_Unit_Test/2020_01_14/Simulation_Stepwise_Transission.pdf> <.
/../IV_Class_Unit_Test/2020_01_14/Simulation_Stepwise_Subgap.pdf

pdfTeX warning: pdflatex.exe (file ./../IV_Class_Unit_Test/2020_01_14/Simulatio
n_Stepwise_Subgap.pdf): PDF inclusion: multiple pdfs with page group included i
n a single page
>] [14 <./../Mixer_Unit_Test/2020_01_12_FixedMask/Pumping_Level.pdf> <./../Mixe
r_Unit_Test/2020_01_12_FixedMask/Current_through_Junction.pdf

pdfTeX warning: pdflatex.exe (file ./../Mixer_Unit_Test/2020_01_12_FixedMask/Cu
rrent_through_Junction.pdf): PDF inclusion: multiple pdfs with page group inclu
ded in a single page
>]
<./../Mixer_Unit_Test/2020_01_12_GausMask/Masked_Voltage_Region.pdf, id=836, 46
2.52798pt x 346.89601pt>
File: ./../Mixer_Unit_Test/2020_01_12_GausMask/Masked_Voltage_Region.pdf Graphi
c file (type pdf)
<use ./../Mixer_Unit_Test/2020_01_12_GausMask/Masked_Voltage_Region.pdf>
Package pdftex.def Info: ./../Mixer_Unit_Test/2020_01_12_GausMask/Masked_Voltag
e_Region.pdf  used on input line 326.
(pdftex.def)             Requested size: 169.0519pt x 126.78801pt.
<./../Mixer_Unit_Test/2020_01_12_FixedMask/Masked_Voltage_Region.pdf, id=837, 4
62.52798pt x 346.89601pt>
File: ./../Mixer_Unit_Test/2020_01_12_FixedMask/Masked_Voltage_Region.pdf Graph
ic file (type pdf)
<use ./../Mixer_Unit_Test/2020_01_12_FixedMask/Masked_Voltage_Region.pdf>
Package pdftex.def Info: ./../Mixer_Unit_Test/2020_01_12_FixedMask/Masked_Volta
ge_Region.pdf  used on input line 331.
(pdftex.def)             Requested size: 169.0519pt x 126.78801pt.
<./../IV_Class_Unit_Test/2020_01_14/Gaussian_Fit_on_Positive_Slope.pdf, id=838,
 462.52798pt x 346.89601pt>
File: ./../IV_Class_Unit_Test/2020_01_14/Gaussian_Fit_on_Positive_Slope.pdf Gra
phic file (type pdf)
<use ./../IV_Class_Unit_Test/2020_01_14/Gaussian_Fit_on_Positive_Slope.pdf>
Package pdftex.def Info: ./../IV_Class_Unit_Test/2020_01_14/Gaussian_Fit_on_Pos
itive_Slope.pdf  used on input line 341.
(pdftex.def)             Requested size: 241.49895pt x 181.128pt.
 [15 <./../Mixer_Unit_Test/2020_01_12_FixedMask/Admittance_Junction.pdf> <./../
Mixer_Unit_Test/2020_01_12_FixedMask/Impedance_Junction.pdf

pdfTeX warning: pdflatex.exe (file ./../Mixer_Unit_Test/2020_01_12_FixedMask/Im
pedance_Junction.pdf): PDF inclusion: multiple pdfs with page group included in
 a single page
> <./../Mixer_Unit_Test/2020_01_12_GausMask/Masked_Voltage_Region.pdf

pdfTeX warning: pdflatex.exe (file ./../Mixer_Unit_Test/2020_01_12_GausMask/Mas
ked_Voltage_Region.pdf): PDF inclusion: multiple pdfs with page group included 
in a single page
> <./../Mixer_Unit_Test/2020_01_12_FixedMask/Masked_Voltage_Region.pdf

pdfTeX warning: pdflatex.exe (file ./../Mixer_Unit_Test/2020_01_12_FixedMask/Ma
sked_Voltage_Region.pdf): PDF inclusion: multiple pdfs with page group included
 in a single page
>] [16 <./../IV_Class_Unit_Test/2020_01_14/Gaussian_Fit_on_Positive_Slope.pdf>]
<./Images/Impedance_Recovery_Flowchart_Part2.png, id=1081, 426.8748pt x 308.833
8pt>
File: ./Images/Impedance_Recovery_Flowchart_Part2.png Graphic file (type png)
<use ./Images/Impedance_Recovery_Flowchart_Part2.png>
Package pdftex.def Info: ./Images/Impedance_Recovery_Flowchart_Part2.png  used 
on input line 395.
(pdftex.def)             Requested size: 241.49895pt x 174.72232pt.
<../Mixer_Unit_Test/2020_01_12_GausMask/Pumped_Recovered.pdf, id=1082, 462.5279
8pt x 346.89601pt>
File: ../Mixer_Unit_Test/2020_01_12_GausMask/Pumped_Recovered.pdf Graphic file 
(type pdf)
<use ../Mixer_Unit_Test/2020_01_12_GausMask/Pumped_Recovered.pdf>
Package pdftex.def Info: ../Mixer_Unit_Test/2020_01_12_GausMask/Pumped_Recovere
d.pdf  used on input line 402.
(pdftex.def)             Requested size: 241.49895pt x 181.128pt.
[17] [18 <./Images/Impedance_Recovery_Flowchart_Part2.png> <../Mixer_Unit_Test/
2020_01_12_GausMask/Pumped_Recovered.pdf>]

LaTeX Warning: No positions in optional float specifier.
               Default added (so using `tbp') on input line 412.

<../Mixer_Unit_Test/2020_01_14_GausMask/Comparison_with_Johns_Embedding_Impedan
ce.pdf, id=1134, 462.52798pt x 346.89601pt>
File: ../Mixer_Unit_Test/2020_01_14_GausMask/Comparison_with_Johns_Embedding_Im
pedance.pdf Graphic file (type pdf)
<use ../Mixer_Unit_Test/2020_01_14_GausMask/Comparison_with_Johns_Embedding_Imp
edance.pdf>
Package pdftex.def Info: ../Mixer_Unit_Test/2020_01_14_GausMask/Comparison_with
_Johns_Embedding_Impedance.pdf  used on input line 437.
(pdftex.def)             Requested size: 241.49895pt x 181.128pt.
<../Mixer_Unit_Test/2020_01_14_Fixed_Mask/Comparison_Masking_Strategy_Gaus_Fixe
d_Embedding_Impedance.pdf, id=1135, 462.52798pt x 346.89601pt>
File: ../Mixer_Unit_Test/2020_01_14_Fixed_Mask/Comparison_Masking_Strategy_Gaus
_Fixed_Embedding_Impedance.pdf Graphic file (type pdf)
<use ../Mixer_Unit_Test/2020_01_14_Fixed_Mask/Comparison_Masking_Strategy_Gaus_
Fixed_Embedding_Impedance.pdf>
Package pdftex.def Info: ../Mixer_Unit_Test/2020_01_14_Fixed_Mask/Comparison_Ma
sking_Strategy_Gaus_Fixed_Embedding_Impedance.pdf  used on input line 446.
(pdftex.def)             Requested size: 241.49895pt x 181.128pt.
<../Mixer_Unit_Test/2020_01_14_GausMask/Comparison_Masking_Strategy_Voltage_Emb
edding_Impedance.pdf, id=1136, 462.52798pt x 346.89601pt>
File: ../Mixer_Unit_Test/2020_01_14_GausMask/Comparison_Masking_Strategy_Voltag
e_Embedding_Impedance.pdf Graphic file (type pdf)
<use ../Mixer_Unit_Test/2020_01_14_GausMask/Comparison_Masking_Strategy_Voltage
_Embedding_Impedance.pdf>
Package pdftex.def Info: ../Mixer_Unit_Test/2020_01_14_GausMask/Comparison_Mask
ing_Strategy_Voltage_Embedding_Impedance.pdf  used on input line 452.
(pdftex.def)             Requested size: 241.49895pt x 181.128pt.
[19]

LaTeX Warning: No positions in optional float specifier.
               Default added (so using `tbp') on input line 457.


Overfull \hbox (10.65094pt too wide) in paragraph at lines 460--476
 [][] 
 []

<../Mixer_Unit_Test/2020_01_14_Fixed_Mask/Pumped_Recovered_Comparison.pdf, id=1
142, 462.52798pt x 346.89601pt>
File: ../Mixer_Unit_Test/2020_01_14_Fixed_Mask/Pumped_Recovered_Comparison.pdf 
Graphic file (type pdf)
<use ../Mixer_Unit_Test/2020_01_14_Fixed_Mask/Pumped_Recovered_Comparison.pdf>
Package pdftex.def Info: ../Mixer_Unit_Test/2020_01_14_Fixed_Mask/Pumped_Recove
red_Comparison.pdf  used on input line 481.
(pdftex.def)             Requested size: 241.49895pt x 181.128pt.
<./../Mixer_Unit_Test/2020_01_15_Gaus_Two_Steps/Masked_Voltage_Region_two_Photo
n_Steps.pdf, id=1143, 462.52798pt x 346.89601pt>
File: ./../Mixer_Unit_Test/2020_01_15_Gaus_Two_Steps/Masked_Voltage_Region_two_
Photon_Steps.pdf Graphic file (type pdf)
<use ./../Mixer_Unit_Test/2020_01_15_Gaus_Two_Steps/Masked_Voltage_Region_two_P
hoton_Steps.pdf>
Package pdftex.def Info: ./../Mixer_Unit_Test/2020_01_15_Gaus_Two_Steps/Masked_
Voltage_Region_two_Photon_Steps.pdf  used on input line 493.
(pdftex.def)             Requested size: 169.0519pt x 126.78801pt.
<./../Mixer_Unit_Test/2020_01_15_twoPhotonStepsFixed/Masked_Voltage_Region_two_
Photon_Steps.pdf, id=1144, 462.52798pt x 346.89601pt>
File: ./../Mixer_Unit_Test/2020_01_15_twoPhotonStepsFixed/Masked_Voltage_Region
_two_Photon_Steps.pdf Graphic file (type pdf)
<use ./../Mixer_Unit_Test/2020_01_15_twoPhotonStepsFixed/Masked_Voltage_Region_
two_Photon_Steps.pdf>
Package pdftex.def Info: ./../Mixer_Unit_Test/2020_01_15_twoPhotonStepsFixed/Ma
sked_Voltage_Region_two_Photon_Steps.pdf  used on input line 498.
(pdftex.def)             Requested size: 169.0519pt x 126.78801pt.

Underfull \hbox (badness 1082) in paragraph at lines 499--499
\OT1/cmr/m/n/9 i-nates from the fixed volt-age mask-ing
 []


LaTeX Warning: No positions in optional float specifier.
               Default added (so using `tbp') on input line 506.


Overfull \hbox (10.65094pt too wide) in paragraph at lines 509--523
 [][] 
 []

<./../Mixer_Unit_Test/2020_01_15_Gaus_Two_Steps/Pumped_Recovered_Comparison_Two
_Photon_Steps.pdf, id=1145, 462.52798pt x 346.89601pt>
File: ./../Mixer_Unit_Test/2020_01_15_Gaus_Two_Steps/Pumped_Recovered_Compariso
n_Two_Photon_Steps.pdf Graphic file (type pdf)
<use ./../Mixer_Unit_Test/2020_01_15_Gaus_Two_Steps/Pumped_Recovered_Comparison
_Two_Photon_Steps.pdf>
Package pdftex.def Info: ./../Mixer_Unit_Test/2020_01_15_Gaus_Two_Steps/Pumped_
Recovered_Comparison_Two_Photon_Steps.pdf  used on input line 531.
(pdftex.def)             Requested size: 169.0519pt x 126.78801pt.
<./../Mixer_Unit_Test/2020_01_15_twoPhotonStepsFixed/Pumped_Recovered_Compariso
n_Two_Photon_Steps.pdf, id=1146, 462.52798pt x 346.89601pt>
File: ./../Mixer_Unit_Test/2020_01_15_twoPhotonStepsFixed/Pumped_Recovered_Comp
arison_Two_Photon_Steps.pdf Graphic file (type pdf)
<use ./../Mixer_Unit_Test/2020_01_15_twoPhotonStepsFixed/Pumped_Recovered_Compa
rison_Two_Photon_Steps.pdf>
Package pdftex.def Info: ./../Mixer_Unit_Test/2020_01_15_twoPhotonStepsFixed/Pu
mped_Recovered_Comparison_Two_Photon_Steps.pdf  used on input line 536.
(pdftex.def)             Requested size: 169.0519pt x 126.78801pt.
<./../Mixer_Unit_Test/2020_01_15_FixedMask_Continuous_Over_Two_Photonsteps/Pump
ed_Recovered_Comparison_Two_Photon_Steps.pdf, id=1147, 462.52798pt x 346.89601p
t>
File: ./../Mixer_Unit_Test/2020_01_15_FixedMask_Continuous_Over_Two_Photonsteps
/Pumped_Recovered_Comparison_Two_Photon_Steps.pdf Graphic file (type pdf)
<use ./../Mixer_Unit_Test/2020_01_15_FixedMask_Continuous_Over_Two_Photonsteps/
Pumped_Recovered_Comparison_Two_Photon_Steps.pdf>
Package pdftex.def Info: ./../Mixer_Unit_Test/2020_01_15_FixedMask_Continuous_O
ver_Two_Photonsteps/Pumped_Recovered_Comparison_Two_Photon_Steps.pdf  used on i
nput line 541.
(pdftex.def)             Requested size: 169.0519pt x 126.78801pt.
<./../Mixer_Unit_Test/2020_01_14_Fixed_Mask/Pumped_Recovered_Comparison_Two_Pho
ton_Steps.pdf, id=1148, 462.52798pt x 346.89601pt>
File: ./../Mixer_Unit_Test/2020_01_14_Fixed_Mask/Pumped_Recovered_Comparison_Tw
o_Photon_Steps.pdf Graphic file (type pdf)
<use ./../Mixer_Unit_Test/2020_01_14_Fixed_Mask/Pumped_Recovered_Comparison_Two
_Photon_Steps.pdf>
Package pdftex.def Info: ./../Mixer_Unit_Test/2020_01_14_Fixed_Mask/Pumped_Reco
vered_Comparison_Two_Photon_Steps.pdf  used on input line 546.
(pdftex.def)             Requested size: 169.0519pt x 126.78801pt.
[20 <../Mixer_Unit_Test/2020_01_14_GausMask/Comparison_with_Johns_Embedding_Imp
edance.pdf>] [21 <../Mixer_Unit_Test/2020_01_14_Fixed_Mask/Comparison_Masking_S
trategy_Gaus_Fixed_Embedding_Impedance.pdf> <../Mixer_Unit_Test/2020_01_14_Gaus
Mask/Comparison_Masking_Strategy_Voltage_Embedding_Impedance.pdf

pdfTeX warning: pdflatex.exe (file ../Mixer_Unit_Test/2020_01_14_GausMask/Compa
rison_Masking_Strategy_Voltage_Embedding_Impedance.pdf): PDF inclusion: multipl
e pdfs with page group included in a single page
>] [22 <../Mixer_Unit_Test/2020_01_14_Fixed_Mask/Pumped_Recovered_Comparison.pd
f>] [23 <./../Mixer_Unit_Test/2020_01_15_Gaus_Two_Steps/Masked_Voltage_Region_t
wo_Photon_Steps.pdf> <./../Mixer_Unit_Test/2020_01_15_twoPhotonStepsFixed/Maske
d_Voltage_Region_two_Photon_Steps.pdf

pdfTeX warning: pdflatex.exe (file ./../Mixer_Unit_Test/2020_01_15_twoPhotonSte
psFixed/Masked_Voltage_Region_two_Photon_Steps.pdf): PDF inclusion: multiple pd
fs with page group included in a single page
>] [24 <./../Mixer_Unit_Test/2020_01_15_Gaus_Two_Steps/Pumped_Recovered_Compari
son_Two_Photon_Steps.pdf> <./../Mixer_Unit_Test/2020_01_15_twoPhotonStepsFixed/
Pumped_Recovered_Comparison_Two_Photon_Steps.pdf

pdfTeX warning: pdflatex.exe (file ./../Mixer_Unit_Test/2020_01_15_twoPhotonSte
psFixed/Pumped_Recovered_Comparison_Two_Photon_Steps.pdf): PDF inclusion: multi
ple pdfs with page group included in a single page
> <./../Mixer_Unit_Test/2020_01_15_FixedMask_Continuous_Over_Two_Photonsteps/Pu
mped_Recovered_Comparison_Two_Photon_Steps.pdf

pdfTeX warning: pdflatex.exe (file ./../Mixer_Unit_Test/2020_01_15_FixedMask_Co
ntinuous_Over_Two_Photonsteps/Pumped_Recovered_Comparison_Two_Photon_Steps.pdf)
: PDF inclusion: multiple pdfs with page group included in a single page
> <./../Mixer_Unit_Test/2020_01_14_Fixed_Mask/Pumped_Recovered_Comparison_Two_P
hoton_Steps.pdf

pdfTeX warning: pdflatex.exe (file ./../Mixer_Unit_Test/2020_01_14_Fixed_Mask/P
umped_Recovered_Comparison_Two_Photon_Steps.pdf): PDF inclusion: multiple pdfs 
with page group included in a single page
>]
<./../Mixer_Unit_Test/2020_01_16_IVOffsetFixedMask_9.8uA/Unpumped_Pumped_Offset
_Zoom.pdf, id=1638, 462.52798pt x 346.89601pt>
File: ./../Mixer_Unit_Test/2020_01_16_IVOffsetFixedMask_9.8uA/Unpumped_Pumped_O
ffset_Zoom.pdf Graphic file (type pdf)
<use ./../Mixer_Unit_Test/2020_01_16_IVOffsetFixedMask_9.8uA/Unpumped_Pumped_Of
fset_Zoom.pdf>
Package pdftex.def Info: ./../Mixer_Unit_Test/2020_01_16_IVOffsetFixedMask_9.8u
A/Unpumped_Pumped_Offset_Zoom.pdf  used on input line 561.
(pdftex.def)             Requested size: 169.0519pt x 126.78801pt.
<./../Mixer_Unit_Test/2020_01_16_IVOffsetFixedMask_0.105mV9.8uA/Unpumped_Pumped
_Offset_Zoom.pdf, id=1639, 462.52798pt x 346.89601pt>
File: ./../Mixer_Unit_Test/2020_01_16_IVOffsetFixedMask_0.105mV9.8uA/Unpumped_P
umped_Offset_Zoom.pdf Graphic file (type pdf)
<use ./../Mixer_Unit_Test/2020_01_16_IVOffsetFixedMask_0.105mV9.8uA/Unpumped_Pu
mped_Offset_Zoom.pdf>
Package pdftex.def Info: ./../Mixer_Unit_Test/2020_01_16_IVOffsetFixedMask_0.10
5mV9.8uA/Unpumped_Pumped_Offset_Zoom.pdf  used on input line 566.
(pdftex.def)             Requested size: 169.0519pt x 126.78801pt.
<./../Mixer_Unit_Test/2020_01_16_IVOffsetGausMask_9.8uA/Unpumped_Pumped_Offset_
Zoom.pdf, id=1640, 462.52798pt x 346.89601pt>
File: ./../Mixer_Unit_Test/2020_01_16_IVOffsetGausMask_9.8uA/Unpumped_Pumped_Of
fset_Zoom.pdf Graphic file (type pdf)
<use ./../Mixer_Unit_Test/2020_01_16_IVOffsetGausMask_9.8uA/Unpumped_Pumped_Off
set_Zoom.pdf>
Package pdftex.def Info: ./../Mixer_Unit_Test/2020_01_16_IVOffsetGausMask_9.8uA
/Unpumped_Pumped_Offset_Zoom.pdf  used on input line 571.
(pdftex.def)             Requested size: 169.0519pt x 126.78801pt.
<./../Mixer_Unit_Test/2020_01_14_Fixed_Mask_iLOfix/Unpumped_Pumped_Offset_Zoom.
pdf, id=1641, 462.52798pt x 346.89601pt>
File: ./../Mixer_Unit_Test/2020_01_14_Fixed_Mask_iLOfix/Unpumped_Pumped_Offset_
Zoom.pdf Graphic file (type pdf)
<use ./../Mixer_Unit_Test/2020_01_14_Fixed_Mask_iLOfix/Unpumped_Pumped_Offset_Z
oom.pdf>
Package pdftex.def Info: ./../Mixer_Unit_Test/2020_01_14_Fixed_Mask_iLOfix/Unpu
mped_Pumped_Offset_Zoom.pdf  used on input line 576.
(pdftex.def)             Requested size: 169.0519pt x 126.78801pt.
<./../Mixer_Unit_Test/2020_01_16_IVOffsetFixedMask_9.8uA/Comparison_with_Johns_
Embedding_Impedance.pdf, id=1642, 462.52798pt x 346.89601pt>
File: ./../Mixer_Unit_Test/2020_01_16_IVOffsetFixedMask_9.8uA/Comparison_with_J
ohns_Embedding_Impedance.pdf Graphic file (type pdf)
<use ./../Mixer_Unit_Test/2020_01_16_IVOffsetFixedMask_9.8uA/Comparison_with_Jo
hns_Embedding_Impedance.pdf>
Package pdftex.def Info: ./../Mixer_Unit_Test/2020_01_16_IVOffsetFixedMask_9.8u
A/Comparison_with_Johns_Embedding_Impedance.pdf  used on input line 588.
(pdftex.def)             Requested size: 169.0519pt x 126.78801pt.
<./../Mixer_Unit_Test/2020_01_16_IVOffsetFixedMask_0.105mV9.8uA/Comparison_with
_Johns_Embedding_Impedance.pdf, id=1643, 462.52798pt x 346.89601pt>
File: ./../Mixer_Unit_Test/2020_01_16_IVOffsetFixedMask_0.105mV9.8uA/Comparison
_with_Johns_Embedding_Impedance.pdf Graphic file (type pdf)
<use ./../Mixer_Unit_Test/2020_01_16_IVOffsetFixedMask_0.105mV9.8uA/Comparison_
with_Johns_Embedding_Impedance.pdf>
Package pdftex.def Info: ./../Mixer_Unit_Test/2020_01_16_IVOffsetFixedMask_0.10
5mV9.8uA/Comparison_with_Johns_Embedding_Impedance.pdf  used on input line 593.

(pdftex.def)             Requested size: 169.0519pt x 126.78801pt.
<./../Mixer_Unit_Test/2020_01_14_IVOffset_9.8uA_iLOfix/Comparison_with_Johns_Em
bedding_Impedance.pdf, id=1644, 462.52798pt x 346.89601pt>
File: ./../Mixer_Unit_Test/2020_01_14_IVOffset_9.8uA_iLOfix/Comparison_with_Joh
ns_Embedding_Impedance.pdf Graphic file (type pdf)
<use ./../Mixer_Unit_Test/2020_01_14_IVOffset_9.8uA_iLOfix/Comparison_with_John
s_Embedding_Impedance.pdf>
Package pdftex.def Info: ./../Mixer_Unit_Test/2020_01_14_IVOffset_9.8uA_iLOfix/
Comparison_with_Johns_Embedding_Impedance.pdf  used on input line 598.
(pdftex.def)             Requested size: 169.0519pt x 126.78801pt.
<./../Mixer_Unit_Test/2020_01_16_IVOffsetGausMask_9.8uA/Comparison_with_Johns_E
mbedding_Impedance.pdf, id=1645, 462.52798pt x 346.89601pt>
File: ./../Mixer_Unit_Test/2020_01_16_IVOffsetGausMask_9.8uA/Comparison_with_Jo
hns_Embedding_Impedance.pdf Graphic file (type pdf)
<use ./../Mixer_Unit_Test/2020_01_16_IVOffsetGausMask_9.8uA/Comparison_with_Joh
ns_Embedding_Impedance.pdf>
Package pdftex.def Info: ./../Mixer_Unit_Test/2020_01_16_IVOffsetGausMask_9.8uA
/Comparison_with_Johns_Embedding_Impedance.pdf  used on input line 603.
(pdftex.def)             Requested size: 169.0519pt x 126.78801pt.


LaTeX Warning: No positions in optional float specifier.
               Default added (so using `tbp') on input line 610.

<./../Mixer_Unit_Test/2020_01_16_IVOffsetFixedMask_9.8uA/Pumping_Level_Zoom.pdf
, id=1646, 462.52798pt x 346.89601pt>
File: ./../Mixer_Unit_Test/2020_01_16_IVOffsetFixedMask_9.8uA/Pumping_Level_Zoo
m.pdf Graphic file (type pdf)
<use ./../Mixer_Unit_Test/2020_01_16_IVOffsetFixedMask_9.8uA/Pumping_Level_Zoom
.pdf>
Package pdftex.def Info: ./../Mixer_Unit_Test/2020_01_16_IVOffsetFixedMask_9.8u
A/Pumping_Level_Zoom.pdf  used on input line 634.
(pdftex.def)             Requested size: 169.0519pt x 126.78801pt.
<./../Mixer_Unit_Test/2020_01_16_IVOffsetFixedMask_0.105mV9.8uA/Pumping_Level_Z
oom.pdf, id=1647, 462.52798pt x 346.89601pt>
File: ./../Mixer_Unit_Test/2020_01_16_IVOffsetFixedMask_0.105mV9.8uA/Pumping_Le
vel_Zoom.pdf Graphic file (type pdf)
<use ./../Mixer_Unit_Test/2020_01_16_IVOffsetFixedMask_0.105mV9.8uA/Pumping_Lev
el_Zoom.pdf>
Package pdftex.def Info: ./../Mixer_Unit_Test/2020_01_16_IVOffsetFixedMask_0.10
5mV9.8uA/Pumping_Level_Zoom.pdf  used on input line 639.
(pdftex.def)             Requested size: 169.0519pt x 126.78801pt.
<./../Mixer_Unit_Test/2020_01_16_IVOffsetGausMask_9.8uA/Pumping_Level_Zoom.pdf,
 id=1648, 462.52798pt x 346.89601pt>
File: ./../Mixer_Unit_Test/2020_01_16_IVOffsetGausMask_9.8uA/Pumping_Level_Zoom
.pdf Graphic file (type pdf)
<use ./../Mixer_Unit_Test/2020_01_16_IVOffsetGausMask_9.8uA/Pumping_Level_Zoom.
pdf>
Package pdftex.def Info: ./../Mixer_Unit_Test/2020_01_16_IVOffsetGausMask_9.8uA
/Pumping_Level_Zoom.pdf  used on input line 644.
(pdftex.def)             Requested size: 169.0519pt x 126.78801pt.
<./../Mixer_Unit_Test/2020_01_14_Fixed_Mask_iLOfix/Pumping_Level_Zoom.pdf, id=1
649, 462.52798pt x 346.89601pt>
File: ./../Mixer_Unit_Test/2020_01_14_Fixed_Mask_iLOfix/Pumping_Level_Zoom.pdf 
Graphic file (type pdf)
<use ./../Mixer_Unit_Test/2020_01_14_Fixed_Mask_iLOfix/Pumping_Level_Zoom.pdf>
Package pdftex.def Info: ./../Mixer_Unit_Test/2020_01_14_Fixed_Mask_iLOfix/Pump
ing_Level_Zoom.pdf  used on input line 649.
(pdftex.def)             Requested size: 169.0519pt x 126.78801pt.
[25 <./../Mixer_Unit_Test/2020_01_16_IVOffsetFixedMask_9.8uA/Unpumped_Pumped_Of
fset_Zoom.pdf> <./../Mixer_Unit_Test/2020_01_16_IVOffsetFixedMask_0.105mV9.8uA/
Unpumped_Pumped_Offset_Zoom.pdf

pdfTeX warning: pdflatex.exe (file ./../Mixer_Unit_Test/2020_01_16_IVOffsetFixe
dMask_0.105mV9.8uA/Unpumped_Pumped_Offset_Zoom.pdf): PDF inclusion: multiple pd
fs with page group included in a single page
> <./../Mixer_Unit_Test/2020_01_16_IVOffsetGausMask_9.8uA/Unpumped_Pumped_Offse
t_Zoom.pdf

pdfTeX warning: pdflatex.exe (file ./../Mixer_Unit_Test/2020_01_16_IVOffsetGaus
Mask_9.8uA/Unpumped_Pumped_Offset_Zoom.pdf): PDF inclusion: multiple pdfs with 
page group included in a single page
> <./../Mixer_Unit_Test/2020_01_14_Fixed_Mask_iLOfix/Unpumped_Pumped_Offset_Zoo
m.pdf

pdfTeX warning: pdflatex.exe (file ./../Mixer_Unit_Test/2020_01_14_Fixed_Mask_i
LOfix/Unpumped_Pumped_Offset_Zoom.pdf): PDF inclusion: multiple pdfs with page 
group included in a single page
>] [26 <./../Mixer_Unit_Test/2020_01_16_IVOffsetFixedMask_9.8uA/Comparison_with
_Johns_Embedding_Impedance.pdf> <./../Mixer_Unit_Test/2020_01_16_IVOffsetFixedM
ask_0.105mV9.8uA/Comparison_with_Johns_Embedding_Impedance.pdf

pdfTeX warning: pdflatex.exe (file ./../Mixer_Unit_Test/2020_01_16_IVOffsetFixe
dMask_0.105mV9.8uA/Comparison_with_Johns_Embedding_Impedance.pdf): PDF inclusio
n: multiple pdfs with page group included in a single page
> <./../Mixer_Unit_Test/2020_01_14_IVOffset_9.8uA_iLOfix/Comparison_with_Johns_
Embedding_Impedance.pdf

pdfTeX warning: pdflatex.exe (file ./../Mixer_Unit_Test/2020_01_14_IVOffset_9.8
uA_iLOfix/Comparison_with_Johns_Embedding_Impedance.pdf): PDF inclusion: multip
le pdfs with page group included in a single page
> <./../Mixer_Unit_Test/2020_01_16_IVOffsetGausMask_9.8uA/Comparison_with_Johns
_Embedding_Impedance.pdf

pdfTeX warning: pdflatex.exe (file ./../Mixer_Unit_Test/2020_01_16_IVOffsetGaus
Mask_9.8uA/Comparison_with_Johns_Embedding_Impedance.pdf): PDF inclusion: multi
ple pdfs with page group included in a single page
>] [27] [28 <./../Mixer_Unit_Test/2020_01_16_IVOffsetFixedMask_9.8uA/Pumping_Le
vel_Zoom.pdf> <./../Mixer_Unit_Test/2020_01_16_IVOffsetFixedMask_0.105mV9.8uA/P
umping_Level_Zoom.pdf

pdfTeX warning: pdflatex.exe (file ./../Mixer_Unit_Test/2020_01_16_IVOffsetFixe
dMask_0.105mV9.8uA/Pumping_Level_Zoom.pdf): PDF inclusion: multiple pdfs with p
age group included in a single page
> <./../Mixer_Unit_Test/2020_01_16_IVOffsetGausMask_9.8uA/Pumping_Level_Zoom.pd
f

pdfTeX warning: pdflatex.exe (file ./../Mixer_Unit_Test/2020_01_16_IVOffsetGaus
Mask_9.8uA/Pumping_Level_Zoom.pdf): PDF inclusion: multiple pdfs with page grou
p included in a single page
> <./../Mixer_Unit_Test/2020_01_14_Fixed_Mask_iLOfix/Pumping_Level_Zoom.pdf

pdfTeX warning: pdflatex.exe (file ./../Mixer_Unit_Test/2020_01_14_Fixed_Mask_i
LOfix/Pumping_Level_Zoom.pdf): PDF inclusion: multiple pdfs with page group inc
luded in a single page
>] [29] (Report_2020_01_13.bbl) [30] (Report_2020_01_13.aux) ) 
Here is how much of TeX's memory you used:
 5327 strings out of 492973
 95218 string characters out of 3133292
 146405 words of memory out of 3000000
 9076 multiletter control sequences out of 15000+200000
 14341 words of font info for 53 fonts, out of 3000000 for 9000
 1141 hyphenation exceptions out of 8191
 42i,20n,40p,1621b,494s stack positions out of 5000i,500n,10000p,200000b,50000s
 <C:\Users\Jakob\
AppData\Local\MiKTeX\2.9\fonts\pk\ljfour\public\cbgreek\dpi600\grmn0900.pk> <C:
\Users\Jakob\AppData\Local\MiKTeX\2.9\fonts\pk\ljfour\public\cbgreek\dpi600\grm
n1000.pk><C:/Program Files (x86)/MiKTeX 2.9/fonts/type1/public/amsfonts/cm/cmbx
10.pfb><C:/Program Files (x86)/MiKTeX 2.9/fonts/type1/public/amsfonts/cm/cmbx12
.pfb><C:/Program Files (x86)/MiKTeX 2.9/fonts/type1/public/amsfonts/cm/cmbx9.pf
b><C:/Program Files (x86)/MiKTeX 2.9/fonts/type1/public/amsfonts/cm/cmex10.pfb>
<C:/Program Files (x86)/MiKTeX 2.9/fonts/type1/public/amsfonts/cm/cmmi10.pfb><C
:/Program Files (x86)/MiKTeX 2.9/fonts/type1/public/amsfonts/cm/cmmi5.pfb><C:/P
rogram Files (x86)/MiKTeX 2.9/fonts/type1/public/amsfonts/cm/cmmi7.pfb><C:/Prog
ram Files (x86)/MiKTeX 2.9/fonts/type1/public/amsfonts/cm/cmmi8.pfb><C:/Program
 Files (x86)/MiKTeX 2.9/fonts/type1/public/amsfonts/cm/cmr10.pfb><C:/Program Fi
les (x86)/MiKTeX 2.9/fonts/type1/public/amsfonts/cm/cmr12.pfb><C:/Program Files
 (x86)/MiKTeX 2.9/fonts/type1/public/amsfonts/cm/cmr17.pfb><C:/Program Files (x
86)/MiKTeX 2.9/fonts/type1/public/amsfonts/cm/cmr5.pfb><C:/Program Files (x86)/
MiKTeX 2.9/fonts/type1/public/amsfonts/cm/cmr6.pfb><C:/Program Files (x86)/MiKT
eX 2.9/fonts/type1/public/amsfonts/cm/cmr7.pfb><C:/Program Files (x86)/MiKTeX 2
.9/fonts/type1/public/amsfonts/cm/cmr8.pfb><C:/Program Files (x86)/MiKTeX 2.9/f
onts/type1/public/amsfonts/cm/cmr9.pfb><C:/Program Files (x86)/MiKTeX 2.9/fonts
/type1/public/amsfonts/cm/cmsy10.pfb><C:/Program Files (x86)/MiKTeX 2.9/fonts/t
ype1/public/amsfonts/cm/cmsy7.pfb><C:/Program Files (x86)/MiKTeX 2.9/fonts/type
1/public/amsfonts/cm/cmti10.pfb><C:/Program Files (x86)/MiKTeX 2.9/fonts/type1/
public/amsfonts/cm/cmtt10.pfb><C:/Program Files (x86)/MiKTeX 2.9/fonts/type1/pu
blic/amsfonts/cm/cmtt8.pfb><C:/Program Files (x86)/MiKTeX 2.9/fonts/type1/publi
c/amsfonts/cm/cmtt9.pfb><C:/Program Files (x86)/MiKTeX 2.9/fonts/type1/public/a
msfonts/symbols/msbm10.pfb>
Output written on Report_2020_01_13.pdf (30 pages, 1310249 bytes).
PDF statistics:
 2287 PDF objects out of 2487 (max. 8388607)
 0 named destinations out of 1000 (max. 500000)
 256 words of extra memory for PDF output out of 10000 (max. 10000000)

